[2023-02-16T12:28:53.159920+00:00] blog.WARNING: An error occured: User already exists: admin [] []
[2023-02-16T12:29:12.024775+00:00] blog.INFO: User created: kotletka [] []
[2023-02-16T12:40:59.898005+00:00] blog.WARNING: An error occured: User not found: admina [] []
[2023-02-16T12:42:19.027432+00:00] blog.WARNING: An error occured: User not found: admina [] []
[2023-02-16T12:42:27.727537+00:00] blog.WARNING: An error occured: User not found: admina [] []
[2023-02-16T12:56:36.358479+00:00] blog.INFO: User deleted kotletka [] []
[2023-02-18T09:02:49.013747+00:00] blog.WARNING: User not created: User already exists: kotletka [] []
[2023-02-18T09:03:45.195390+00:00] blog.WARNING: User not created: User already exists: kotletka [] []
[2023-02-18T09:05:55.865630+00:00] blog.INFO: User created: kotletka [] []
[2023-02-18T09:06:51.337952+00:00] blog.INFO: User created: kotletka [] []
[2023-02-18T09:07:02.012306+00:00] blog.WARNING: User not created: User already exists: kotletka [] []
[2023-02-18T09:07:38.814532+00:00] blog.WARNING: User not created: User already exists: kotletka [] []
[2023-02-18T09:07:54.494120+00:00] blog.WARNING: User not created: User already exists: kotletka [] []
[2023-02-18T09:08:13.326793+00:00] blog.INFO: User created: biven [] []
[2023-02-18T09:10:29.047756+00:00] blog.WARNING: User not created: User already exists: biven [] []
[2023-02-18T09:11:55.866692+00:00] blog.WARNING: User not created: User already exists: biven [] []
[2023-02-18T09:12:30.407466+00:00] blog.WARNING: User not created: User already exists: biven [] []
[2023-02-18T09:12:43.714515+00:00] blog.WARNING: User not created: User already exists: biven [] []
[2023-02-18T09:15:05.760586+00:00] blog.INFO: User created: admin [] []
[2023-02-18T09:18:12.636167+00:00] blog.WARNING: User not created: User already exists: admin [] []
[2023-02-18T09:18:23.308824+00:00] blog.INFO: User created: kotletka [] []
[2023-02-18T09:51:34.463881+00:00] blog.WARNING: User not found: svetka [] []
[2023-02-23T15:04:56.494241+00:00] blog.INFO: User created: kotletka [] []
[2023-02-23T15:06:28.040714+00:00] blog.WARNING: User not found: sfvetla [] []
[2023-02-23T16:28:45.412554+00:00] blog.INFO: User created: kotletka [] []
[2023-02-24T08:34:59.936432+00:00] blog.INFO: User created: bicen [] []
[2023-02-24T08:35:49.145663+00:00] blog.INFO: User created: bicen [] []
[2023-02-24T08:36:37.097606+00:00] blog.INFO: User created: bicen [] []
[2023-02-24T08:38:53.163207+00:00] blog.INFO: User created: bicen [] []
[2023-02-24T08:39:06.509503+00:00] blog.INFO: User created: bicen [] []
[2023-02-24T08:39:36.273292+00:00] blog.INFO: User created: bicen [] []
[2023-02-24T08:39:46.302660+00:00] blog.INFO: User created: aaa [] []
[2023-02-24T08:40:18.361127+00:00] blog.WARNING: User not created: User already exists: aaa [] []
[2023-02-24T08:49:29.409395+00:00] blog.WARNING: User not created: User already exists: admin [] []
[2023-02-24T09:46:27.838280+00:00] blog.WARNING: User not found:  [] []
[2023-02-24T09:46:49.252800+00:00] blog.WARNING: User not found:  [] []
[2023-02-24T14:40:59.574326+00:00] blog.INFO: User created: kotletka [] []
[2023-02-28T09:22:10.840209+00:00] blog.INFO: User created: admin [] []
[2023-02-28T09:23:16.482792+00:00] blog.INFO: User created: kotletka [] []
[2023-02-28T12:07:05.898592+00:00] blog.INFO: User created: admin [] []
[2023-03-03T10:33:33.576156+00:00] blog.INFO: User created: kotletka [] []
[2023-03-12T09:38:37.039563+00:00] blog.INFO: User created: admin [] []
[2023-03-12T09:40:14.337419+00:00] blog.WARNING: User not created: User already exists: kotletka [] []
[2023-03-12T09:40:20.800114+00:00] blog.INFO: User created: biven [] []
[2023-03-12T09:43:49.950095+00:00] blog.WARNING: User not found: admin [] []
